[13:51:05.070] Global cache location 'C:/Users/acer/AppData/Local/Microsoft/TypeScript/4.4', safe file path 'c:/users/acer/appdata/roaming/.emacs.d/.cache/lsp/npm/typescript/node_modules/typescript/lib/typingsafelist.json', types map path c:/users/acer/appdata/roaming/.emacs.d/.cache/lsp/npm/typescript/node_modules/typescript/lib/typesmap.json
[13:51:05.072] Processing cache location 'C:/Users/acer/AppData/Local/Microsoft/TypeScript/4.4'
[13:51:05.072] Trying to find 'C:/Users/acer/AppData/Local/Microsoft/TypeScript/4.4/package.json'...
[13:51:05.076] Loaded content of 'C:/Users/acer/AppData/Local/Microsoft/TypeScript/4.4/package.json': {"private":true,"dependencies":{"types-registry":"^0.1.563"},"devDependencies":{"@types/async":"^3.2.8","@types/atob":"^2.1.2","@types/bootstrap":"^5.1.6","@types/lz-string":"^1.3.34","@types/object-assign":"^4.0.30","@types/react":"^17.0.30","@types/react-dom":"^17.0.9","@types/sprintf":"^0.1.0","@types/testing-library__jest-dom":"^5.14.1","@types/tryer":"^1.0.2"}}
[13:51:05.076] Loaded content of 'C:/Users/acer/AppData/Local/Microsoft/TypeScript/4.4/package-lock.json'
[13:51:05.090] Adding entry into typings cache: 'async' => 'C:/Users/acer/AppData/Local/Microsoft/TypeScript/4.4/node_modules/@types/async/index.d.ts'
[13:51:05.095] Adding entry into typings cache: 'atob' => 'C:/Users/acer/AppData/Local/Microsoft/TypeScript/4.4/node_modules/@types/atob/index.d.ts'
[13:51:05.099] Adding entry into typings cache: 'bootstrap' => 'C:/Users/acer/AppData/Local/Microsoft/TypeScript/4.4/node_modules/@types/bootstrap/index.d.ts'
[13:51:05.102] Adding entry into typings cache: 'lz-string' => 'C:/Users/acer/AppData/Local/Microsoft/TypeScript/4.4/node_modules/@types/lz-string/index.d.ts'
[13:51:05.105] Adding entry into typings cache: 'object-assign' => 'C:/Users/acer/AppData/Local/Microsoft/TypeScript/4.4/node_modules/@types/object-assign/index.d.ts'
[13:51:05.110] Adding entry into typings cache: 'react' => 'C:/Users/acer/AppData/Local/Microsoft/TypeScript/4.4/node_modules/@types/react/index.d.ts'
[13:51:05.114] Adding entry into typings cache: 'react-dom' => 'C:/Users/acer/AppData/Local/Microsoft/TypeScript/4.4/node_modules/@types/react-dom/index.d.ts'
[13:51:05.117] Adding entry into typings cache: 'sprintf' => 'C:/Users/acer/AppData/Local/Microsoft/TypeScript/4.4/node_modules/@types/sprintf/index.d.ts'
[13:51:05.121] Adding entry into typings cache: 'testing-library__jest-dom' => 'C:/Users/acer/AppData/Local/Microsoft/TypeScript/4.4/node_modules/@types/testing-library__jest-dom/index.d.ts'
[13:51:05.124] Adding entry into typings cache: 'tryer' => 'C:/Users/acer/AppData/Local/Microsoft/TypeScript/4.4/node_modules/@types/tryer/index.d.ts'
[13:51:05.125] Finished processing cache location 'C:/Users/acer/AppData/Local/Microsoft/TypeScript/4.4'
[13:51:05.125] Process id: 18868
[13:51:05.125] NPM location: "C:\Program Files\nodejs\npm" (explicit '--npmLocation' not  provided)
[13:51:05.125] validateDefaultNpmLocation: false
[13:51:05.126] Npm config file: C:/Users/acer/AppData/Local/Microsoft/TypeScript/4.4/package.json
[13:51:05.126] Updating types-registry npm package...
[13:51:05.126] Exec: "C:\Program Files\nodejs\npm" install --ignore-scripts types-registry@latest
[13:51:07.791]     Succeeded. stdout:
    + types-registry@0.1.563
    updated 1 package and audited 38 packages in 1.43s

4 packages are looking for funding
  run `npm fund` for details

found 0 vulnerabilities


[13:51:07.792] Updated types-registry npm package
[13:51:13.289] Got install request {"projectName":"/dev/null/inferredProject1*","fileNames":["c:/Users/acer/AppData/Roaming/.emacs.d/.cache/lsp/npm/typescript/node_modules/typescript/lib/lib.es5.d.ts","c:/Users/acer/AppData/Roaming/.emacs.d/.cache/lsp/npm/typescript/node_modules/typescript/lib/lib.es2015.d.ts","c:/Users/acer/AppData/Roaming/.emacs.d/.cache/lsp/npm/typescript/node_modules/typescript/lib/lib.es2016.d.ts","c:/Users/acer/AppData/Roaming/.emacs.d/.cache/lsp/npm/typescript/node_modules/typescript/lib/lib.dom.d.ts","c:/Users/acer/AppData/Roaming/.emacs.d/.cache/lsp/npm/typescript/node_modules/typescript/lib/lib.dom.iterable.d.ts","c:/Users/acer/AppData/Roaming/.emacs.d/.cache/lsp/npm/typescript/node_modules/typescript/lib/lib.webworker.importscripts.d.ts","c:/Users/acer/AppData/Roaming/.emacs.d/.cache/lsp/npm/typescript/node_modules/typescript/lib/lib.scripthost.d.ts","c:/Users/acer/AppData/Roaming/.emacs.d/.cache/lsp/npm/typescript/node_modules/typescript/lib/lib.es2015.core.d.ts","c:/Users/acer/AppData/Roaming/.emacs.d/.cache/lsp/npm/typescript/node_modules/typescript/lib/lib.es2015.collection.d.ts","c:/Users/acer/AppData/Roaming/.emacs.d/.cache/lsp/npm/typescript/node_modules/typescript/lib/lib.es2015.generator.d.ts","c:/Users/acer/AppData/Roaming/.emacs.d/.cache/lsp/npm/typescript/node_modules/typescript/lib/lib.es2015.iterable.d.ts","c:/Users/acer/AppData/Roaming/.emacs.d/.cache/lsp/npm/typescript/node_modules/typescript/lib/lib.es2015.promise.d.ts","c:/Users/acer/AppData/Roaming/.emacs.d/.cache/lsp/npm/typescript/node_modules/typescript/lib/lib.es2015.proxy.d.ts","c:/Users/acer/AppData/Roaming/.emacs.d/.cache/lsp/npm/typescript/node_modules/typescript/lib/lib.es2015.reflect.d.ts","c:/Users/acer/AppData/Roaming/.emacs.d/.cache/lsp/npm/typescript/node_modules/typescript/lib/lib.es2015.symbol.d.ts","c:/Users/acer/AppData/Roaming/.emacs.d/.cache/lsp/npm/typescript/node_modules/typescript/lib/lib.es2015.symbol.wellknown.d.ts","c:/Users/acer/AppData/Roaming/.emacs.d/.cache/lsp/npm/typescript/node_modules/typescript/lib/lib.es2016.array.include.d.ts","c:/Users/acer/AppData/Roaming/.emacs.d/.cache/lsp/npm/typescript/node_modules/typescript/lib/lib.es2016.full.d.ts","f:/dev/major-project/src/config.js","f:/dev/major-project/src/components/Homepage.js"],"compilerOptions":{"module":1,"target":3,"jsx":1,"allowJs":true,"allowSyntheticDefaultImports":true,"allowNonTsExtensions":true,"noEmitForJsFiles":true,"maxNodeModuleJsDepth":2},"typeAcquisition":{"enable":true,"include":[],"exclude":[]},"unresolvedImports":[],"projectRootPath":"f:/dev/major-project/src/components","kind":"discover"}
[13:51:13.304] Loaded safelist from types map file 'c:/users/acer/appdata/roaming/.emacs.d/.cache/lsp/npm/typescript/node_modules/typescript/lib/typesmap.json'
[13:51:13.306] Explicitly included types: []
[13:51:13.307] Inferred typings from unresolved imports: []
[13:51:13.307] Result: {"cachedTypingPaths":[],"newTypingNames":[],"filesToWatch":["f:/dev/major-project/src/bower_components","f:/dev/major-project/src/node_modules","f:/dev/major-project/src/components/bower_components","f:/dev/major-project/src/components/node_modules"]}
[13:51:13.307] Finished typings discovery: {"cachedTypingPaths":[],"newTypingNames":[],"filesToWatch":["f:/dev/major-project/src/bower_components","f:/dev/major-project/src/node_modules","f:/dev/major-project/src/components/bower_components","f:/dev/major-project/src/components/node_modules"]}
[13:51:13.308] DirectoryWatcher:: Added:: WatchInfo: f:/dev/major-project/src/bower_components
[13:51:13.308] DirectoryWatcher:: Added:: WatchInfo: f:/dev/major-project/src/bower_components 1 undefined Project: /dev/null/inferredProject1* watcher already invoked: false
[13:51:13.310] Elapsed:: 1.361199975013733ms DirectoryWatcher:: Added:: WatchInfo: f:/dev/major-project/src/bower_components 1 undefined Project: /dev/null/inferredProject1* watcher already invoked: false
[13:51:13.310] DirectoryWatcher:: Added:: WatchInfo: f:/dev/major-project/src/node_modules
[13:51:13.310] DirectoryWatcher:: Added:: WatchInfo: f:/dev/major-project/src/node_modules 1 undefined Project: /dev/null/inferredProject1* watcher already invoked: false
[13:51:13.310] Elapsed:: 0.10689997673034668ms DirectoryWatcher:: Added:: WatchInfo: f:/dev/major-project/src/node_modules 1 undefined Project: /dev/null/inferredProject1* watcher already invoked: false
[13:51:13.310] DirectoryWatcher:: Added:: WatchInfo: f:/dev/major-project/src/components/bower_components
[13:51:13.310] DirectoryWatcher:: Added:: WatchInfo: f:/dev/major-project/src/components/bower_components 1 undefined Project: /dev/null/inferredProject1* watcher already invoked: false
[13:51:13.311] Elapsed:: 0.08090001344680786ms DirectoryWatcher:: Added:: WatchInfo: f:/dev/major-project/src/components/bower_components 1 undefined Project: /dev/null/inferredProject1* watcher already invoked: false
[13:51:13.311] DirectoryWatcher:: Added:: WatchInfo: f:/dev/major-project/src/components/node_modules
[13:51:13.311] DirectoryWatcher:: Added:: WatchInfo: f:/dev/major-project/src/components/node_modules 1 undefined Project: /dev/null/inferredProject1* watcher already invoked: false
[13:51:13.311] Elapsed:: 0.08139997720718384ms DirectoryWatcher:: Added:: WatchInfo: f:/dev/major-project/src/components/node_modules 1 undefined Project: /dev/null/inferredProject1* watcher already invoked: false
[13:51:13.311] Sending response:
    {"projectName":"/dev/null/inferredProject1*","typeAcquisition":{"enable":true,"include":[],"exclude":[]},"compilerOptions":{"module":1,"target":3,"jsx":1,"allowJs":true,"allowSyntheticDefaultImports":true,"allowNonTsExtensions":true,"noEmitForJsFiles":true,"maxNodeModuleJsDepth":2},"typings":[],"unresolvedImports":[],"kind":"action::set"}
[13:51:13.312] Response has been sent.
[13:51:13.312] No new typings were requested as a result of typings discovery
